<?xml version="1.0" encoding="UTF-8"?>
<testsuite xmlns:xsi="http://www.w3.org/2001/XMLSchema-instance" xsi:noNamespaceSchemaLocation="https://maven.apache.org/surefire/maven-surefire-plugin/xsd/surefire-test-report.xsd" name="ui_demo.testcase.TestStock" time="45.465" tests="2" errors="0" skipped="0" failures="0">
  <properties>
[...]
</properties>
  <testcase name="addDefaultSelectedStocks" classname="ui_demo.testcase.TestStock" time="21.433"/>
  <testcase name="addStock{String, String}[1]" classname="ui_demo.testcase.TestStock" time="22.743"/>
</testsuite>